<?xml version="1.0" encoding="UTF-8"?>
<!-- Generated by org.testng.reporters.JUnitXMLReporter -->
<testsuite ignored="0" hostname="SUNILs-MacBook-Pro.local" failures="1" tests="7" name="testngTest" time="16.469" errors="0" timestamp="20 Feb 2022 05:04:16 GMT">
  <testcase classname="GreatLearning.DemoTest.Registration" name="LaunchingApplication" time="6.658"/>
  <testcase classname="GreatLearning.DemoTest.Registration" name="verifyingBasicInformationPageAndEnteringData" time="1.484">
    <failure type="java.lang.AssertionError" message="test failed expected [true] but found [false]">
      <![CDATA[java.lang.AssertionError: test failed expected [true] but found [false]
at GreatLearning.DemoTest.Registration.verifyingBasicInformationPageAndEnteringData(Registration.java:65)
... Removed 28 stack frames]]>
    </failure>
  </testcase> <!-- verifyingBasicInformationPageAndEnteringData -->
  <testcase classname="GreatLearning.DemoTest.Registration" name="verifyingProfessionalDetailsPageAndEnteringData" time="0.981"/>
  <testcase classname="GreatLearning.DemoTest.Registration" name="verifyingUerProgrammingExperiancePageAndEnteringData" time="1.486"/>
  <testcase classname="GreatLearning.DemoTest.Registration" name="verifyingUserEducationPageAndEnteringData" time="0.907"/>
  <testcase classname="GreatLearning.DemoTest.Registration" name="verifyingLinkedinProfileEnterTextAndEnteringData" time="1.359"/>
  <testcase classname="GreatLearning.DemoTest.Registration" name="verifyingLFinalSubmission" time="2.582"/>
</testsuite> <!-- testngTest -->
